[04May2025 00:00:34.907] [Server thread/INFO] [net.minecraft.world.entity.npc.Villager/]: Villager Villager['Unemployed'/73245, l='ServerLevel[world]', x=-675.46, y=119.00, z=-4916.52] died, message: 'Unemployed froze to death'
[04May2025 00:00:49.559] [Server thread/INFO] [net.minecraft.world.entity.npc.Villager/]: Villager Villager['Nitwit'/80052, l='ServerLevel[world]', x=-675.50, y=119.00, z=-4915.30] died, message: 'Nitwit froze to death'
[04May2025 00:01:12.835] [Server thread/INFO] [net.minecraft.server.MinecraftServer/]: [Not Secure] <Elenitive> xk os habéis ido?
[04May2025 00:01:17.657] [Server thread/WARN] [net.minecraft.server.network.ServerGamePacketListenerImpl/]: Elenitive moved too quickly! -8.315144368821507,-3.7495620159106835,6.163220609645919
[04May2025 00:01:37.138] [Server thread/INFO] [net.minecraft.server.MinecraftServer/]: [Elenitive: Teleported Elenitive to aaleexx17]
[04May2025 00:01:44.177] [Server thread/INFO] [net.minecraft.server.MinecraftServer/]: [Elenitive: Set own game mode to Survival Mode]
[04May2025 00:01:51.132] [Server thread/INFO] [net.minecraft.server.MinecraftServer/]: [Elenitive: Made Elenitive no longer a server operator]
[04May2025 00:02:44.575] [Server thread/INFO] [net.minecraft.server.MinecraftServer/]: [Not Secure] <ivii> PARA VER SI ASI ME CONTESTAIS JAJA
[04May2025 00:02:49.132] [Server thread/INFO] [net.minecraft.server.MinecraftServer/]: [Not Secure] <Elenitive> ?
[04May2025 00:02:51.779] [Server thread/INFO] [net.minecraft.server.MinecraftServer/]: [Not Secure] <Elenitive> no has dicho nada
[04May2025 00:02:57.370] [Server thread/INFO] [net.minecraft.server.MinecraftServer/]: [Not Secure] <Elenitive> os habéis pirao riendoos a otroservidor
[04May2025 00:03:10.560] [Server thread/INFO] [net.minecraft.world.entity.npc.Villager/]: Villager Villager['Scribe'/81084, l='ServerLevel[world]', x=-630.78, y=120.50, z=-4864.88] died, message: 'Scribe was pricked to death'
[04May2025 00:03:12.713] [Server thread/INFO] [net.minecraft.world.entity.npc.Villager/]: Villager Villager['Weaponsmith'/80926, l='ServerLevel[world]', x=-654.41, y=120.00, z=-4899.58] died, message: 'Weaponsmith froze to death'
[04May2025 00:03:19.129] [Server thread/INFO] [net.minecraft.server.MinecraftServer/]: [Not Secure] <ivii> he preguntado como 7 veces
[04May2025 00:03:24.275] [Server thread/INFO] [net.minecraft.server.MinecraftServer/]: [Not Secure] <Elenitive> no has preguntado nada
[04May2025 00:03:28.690] [Server thread/INFO] [net.minecraft.server.MinecraftServer/]: [Not Secure] <Elenitive> estás hablando con tu primo
[04May2025 00:03:30.034] [Server thread/INFO] [net.minecraft.server.MinecraftServer/]: [Not Secure] <Elenitive> pero bueno
[04May2025 00:03:32.422] [Server thread/INFO] [net.minecraft.server.MinecraftServer/]: [Not Secure] <Elenitive> me da igual
[04May2025 00:03:37.644] [Server thread/INFO] [net.minecraft.server.MinecraftServer/]: 6BlueBird9 has made the advancement [Who You Gonna Call?]
[04May2025 00:04:02.425] [Server thread/INFO] [net.minecraft.server.MinecraftServer/]: [Not Secure] <ivii> HE DICHO COMO 4 VECES QUE SI ME PODIAIS DECIR QUE HACIAIS CON LO DEL DRAGON
[04May2025 00:04:10.520] [Server thread/INFO] [net.minecraft.server.MinecraftServer/]: [Not Secure] <ivii> valep
[04May2025 00:04:15.245] [Server thread/INFO] [net.minecraft.server.MinecraftServer/]: [Not Secure] <Elenitive> no has dicho nada
[04May2025 00:04:18.745] [Server thread/INFO] [net.minecraft.server.MinecraftServer/]: [Not Secure] <Elenitive> pero bueno
[04May2025 00:04:37.390] [Server thread/INFO] [net.minecraft.server.MinecraftServer/]: [Not Secure] <ivii> vale pues no
[04May2025 00:04:42.528] [Server thread/INFO] [net.minecraft.server.MinecraftServer/]: [Not Secure] <aaleexx17> yo lo unico que he escuchado es a miguel decir lo de como se hace para pasar las cosas mas rapido
[04May2025 00:04:43.129] [Server thread/INFO] [net.minecraft.server.MinecraftServer/]: [Not Secure] <Elenitive> yo no sé si estás hablando conmigo o con tu primo
[04May2025 00:04:58.044] [Server thread/INFO] [net.minecraft.server.MinecraftServer/]: [Not Secure] <Elenitive> a mi no me has preguntado nada
[04May2025 00:05:26.039] [Server thread/INFO] [net.minecraft.server.MinecraftServer/]: [Not Secure] <ivii> he dicho el nombre de alex como 3 veces
[04May2025 00:05:32.289] [Server thread/INFO] [net.minecraft.server.MinecraftServer/]: [Not Secure] <Elenitive> mi problema no es
[04May2025 00:05:45.365] [Server thread/INFO] [net.minecraft.server.MinecraftServer/]: [Not Secure] <ivii> y luego lo he vuelto a preguntar
[04May2025 00:05:46.892] [Server thread/INFO] [net.minecraft.server.MinecraftServer/]: [Not Secure] <Elenitive> y yo no he escuchado eso ni el mio
[04May2025 00:05:54.266] [Server thread/INFO] [net.minecraft.server.MinecraftServer/]: [Not Secure] <Elenitive> os habéis pirado a otro servidor riendoos
[04May2025 00:06:02.017] [Server thread/INFO] [net.minecraft.server.MinecraftServer/]: [Not Secure] <Elenitive> y antes d eso estabas hablando con tu primo
[04May2025 00:06:05.569] [Server thread/INFO] [net.minecraft.server.MinecraftServer/]: [Not Secure] <Elenitive> de como ordenar las cosas
[04May2025 00:06:38.320] [Server thread/INFO] [net.minecraft.server.MinecraftServer/]: [Not Secure] <ivii> hombre si cada vez que pregunto algo lo tengo que repetir 15 veces
[04May2025 00:06:51.719] [Server thread/INFO] [net.minecraft.server.MinecraftServer/]: [Not Secure] <Elenitive> te vuelvo a repetir, NO SE TE HA ESCUCHADO
[04May2025 00:06:57.483] [Server thread/INFO] [net.minecraft.server.MinecraftServer/]: [Not Secure] <Elenitive> sabes que SIEMPRE RESPONDO
[04May2025 00:07:00.119] [Server thread/INFO] [net.minecraft.server.MinecraftServer/]: [Not Secure] <Elenitive> y encima pago yo?
[04May2025 00:07:03.878] [Server thread/INFO] [net.minecraft.server.MinecraftServer/]: [Not Secure] <Elenitive> paso XD
[04May2025 00:07:13.072] [Server thread/INFO] [net.minecraft.server.MinecraftServer/]: Elenitive has made the advancement [Suit Up]
[04May2025 00:07:24.188] [Server thread/INFO] [net.minecraft.server.MinecraftServer/]: [Not Secure] <ivii> no lo digo por ti
[04May2025 00:07:29.081] [Server thread/INFO] [net.minecraft.server.MinecraftServer/]: [Not Secure] <Elenitive> no?
[04May2025 00:07:35.375] [Server thread/INFO] [net.minecraft.server.MinecraftServer/]: [Not Secure] <Elenitive> y xk no se lo explicas a él
[04May2025 00:07:40.376] [Server thread/INFO] [net.minecraft.server.MinecraftServer/]: [Not Secure] <ivii> pero no me digas que no lo he dicho
[04May2025 00:07:42.028] [Server thread/INFO] [net.minecraft.server.MinecraftServer/]: [Not Secure] <Elenitive> en vez de pirarte riendoos
[04May2025 00:07:46.108] [Server thread/INFO] [net.minecraft.server.MinecraftServer/]: [Not Secure] <Elenitive> a otro server?
[04May2025 00:07:50.638] [Server thread/INFO] [net.minecraft.server.MinecraftServer/]: [Not Secure] <Elenitive> yo no lo he ESCUCHADO
[04May2025 00:07:59.037] [Server thread/INFO] [net.minecraft.server.MinecraftServer/]: [Not Secure] <ivii> como quieres que lo explique??
[04May2025 00:08:01.373] [Server thread/INFO] [net.minecraft.server.MinecraftServer/]: [Not Secure] <Elenitive> estás pagando por mi, algo que no es mi culpa
[04May2025 00:08:06.331] [Server thread/INFO] [net.minecraft.server.MinecraftServer/]: [Not Secure] <Elenitive> dices que es por él
[04May2025 00:08:11.047] [Server thread/INFO] [net.minecraft.server.MinecraftServer/]: [Not Secure] <Elenitive> cuando no es la primera vez que te ignora
[04May2025 00:08:11.077] [Server thread/INFO] [net.minecraft.server.MinecraftServer/]: [Not Secure] <6BlueBird9> holaa???
[04May2025 00:08:13.930] [Server thread/INFO] [net.minecraft.server.MinecraftServer/]: [Not Secure] <Elenitive> QUÉ CULPA TENGO YO?
[04May2025 00:08:44.337] [Server thread/INFO] [net.minecraft.server.MinecraftServer/]: [Not Secure] <ivii> yo no te he echado la culpa en ningun momento
[04May2025 00:10:10.743] [Server thread/INFO] [net.minecraft.server.MinecraftServer/]: [Not Secure] <Elenitive> si no fuese mi culpa, no os habríais pirado riendoos
[04May2025 00:10:17.971] [Server thread/INFO] [net.minecraft.server.MinecraftServer/]: [Not Secure] <Elenitive> porque yo no tengo la culpa de que os ignore alex 40 mil veces
[04May2025 00:10:28.973] [Server thread/INFO] [net.minecraft.server.MinecraftServer/]: [Not Secure] <Elenitive> porque os vuelvo a repetir, YO TAMBIÉN ESTOY EN LLAMADA
[04May2025 00:10:32.831] [Server thread/INFO] [net.minecraft.server.MinecraftServer/]: [Not Secure] <Elenitive> y a mi no me habéis preguntado
[04May2025 00:10:34.275] [Server thread/INFO] [net.minecraft.server.MinecraftServer/]: [Not Secure] <Elenitive> pues nada
[04May2025 00:10:39.622] [Server thread/INFO] [net.minecraft.server.MinecraftServer/]: [Not Secure] <Elenitive> preguntale a alguien que te ignore 400000 veces
[04May2025 00:10:47.680] [Server thread/INFO] [net.minecraft.server.MinecraftServer/]: [Not Secure] <Elenitive> porque no es la primera vez que te ignora
[04May2025 00:10:53.732] [Server thread/INFO] [net.minecraft.server.MinecraftServer/]: [Not Secure] <Elenitive> y aun así le preguntas a él
[04May2025 00:10:54.926] [Server thread/INFO] [net.minecraft.server.MinecraftServer/]: [Not Secure] <Elenitive> pues XD
[04May2025 00:10:58.175] [Server thread/INFO] [net.minecraft.server.MinecraftServer/]: [Not Secure] <ivii> me he pirado riendome por que es de risa elena
[04May2025 00:11:02.477] [Server thread/INFO] [net.minecraft.server.MinecraftServer/]: [Not Secure] <aaleexx17> literalmente yo no lo he escuchado pq le dije a tu primo eso y luego le estaba diciendo a elena donde estaban los cofres y no me he enterado
[04May2025 00:11:37.731] [Server thread/INFO] [net.minecraft.server.MinecraftServer/]: [Not Secure] <ivii> le pregunto a el por que siempre me dices que el sabe mas y tal
[04May2025 00:11:46.685] [Server thread/INFO] [net.minecraft.server.MinecraftServer/]: [Not Secure] <ivii> de todas formas
[04May2025 00:11:51.834] [Server thread/INFO] [net.minecraft.server.MinecraftServer/]: [Not Secure] <ivii> te repito
[04May2025 00:12:01.578] [Server thread/INFO] [net.minecraft.server.MinecraftServer/]: [Not Secure] <ivii> le he nombrado 3 veces a el
[04May2025 00:12:09.435] [Server thread/INFO] [net.minecraft.server.MinecraftServer/]: [Not Secure] <ivii> y la otra lo he soltado al aire
[04May2025 00:12:23.013] [Server thread/INFO] [net.minecraft.server.MinecraftServer/]: [Not Secure] <ivii> y han sido 4 veces minimo literal
[04May2025 00:12:35.527] [Server thread/INFO] [net.minecraft.server.MinecraftServer/]: [Not Secure] <Elenitive> lo de que él sabe más, me has preguntado SOBRE UNA COSA
[04May2025 00:12:41.527] [Server thread/INFO] [net.minecraft.server.MinecraftServer/]: [Not Secure] <Elenitive> y te he dicho: preguntale a él que él sabe más
[04May2025 00:12:46.832] [Server thread/INFO] [net.minecraft.server.MinecraftServer/]: [Not Secure] <Elenitive> pero sobre esa cosa
[04May2025 00:12:50.229] [Server thread/INFO] [net.minecraft.server.MinecraftServer/]: [Not Secure] <Elenitive> NO TODO EN GENERAL
[04May2025 00:12:57.078] [Server thread/INFO] [net.minecraft.server.MinecraftServer/]: [Not Secure] <aaleexx17> vale pues no te he escuchado pq cuando estoy jugando o asi no me entero ni del clima muchas veces y no era mi intencion ignorarte la verdad
[04May2025 00:12:57.973] [Server thread/INFO] [net.minecraft.server.MinecraftServer/]: [Not Secure] <Elenitive> lo del dragon te lo puedo decir yo
[04May2025 00:13:15.384] [Server thread/INFO] [net.minecraft.server.MinecraftServer/]: [Not Secure] <Elenitive> y si te ignora, no es mi puta culpa
[04May2025 00:13:20.391] [Server thread/INFO] [net.minecraft.server.MinecraftServer/]: [Not Secure] <Elenitive> para que os piréis
[04May2025 00:13:24.579] [Server thread/INFO] [net.minecraft.server.MinecraftServer/]: [Not Secure] <Elenitive> de la llamada riendoos
[04May2025 00:13:27.336] [Server thread/INFO] [net.minecraft.server.MinecraftServer/]: [Not Secure] <Elenitive> como si tuviese la culpa
[04May2025 00:14:31.030] [Server thread/INFO] [net.minecraft.server.MinecraftServer/]: [Not Secure] <ivii> me rio por que me hace gtacia la situacion
[04May2025 00:14:54.175] [Server thread/INFO] [net.minecraft.server.MinecraftServer/]: [Not Secure] <ivii> no es tu culpa ya te lo he dicho
[04May2025 00:15:01.629] [Server thread/INFO] [net.minecraft.server.MinecraftServer/]: [Not Secure] <ivii> si lo fuera te lo diria
[04May2025 00:15:11.479] [Server thread/INFO] [net.minecraft.server.MinecraftServer/]: [Not Secure] <Elenitive> si no fuese mi culpa no os hubieséis pirado como si yo tuviese la culpa
[04May2025 00:15:14.486] [Server thread/INFO] [net.minecraft.server.MinecraftServer/]: [Not Secure] <Elenitive> pero tranqui np :D
[04May2025 00:15:18.294] [Server thread/INFO] [net.minecraft.server.MinecraftServer/]: [Not Secure] <Elenitive> paso de escribir más
[04May2025 00:15:30.831] [Server thread/INFO] [net.minecraft.server.MinecraftServer/]: [Not Secure] <ivii> no me he ido por ti
[04May2025 00:15:56.132] [Server thread/INFO] [net.minecraft.server.MinecraftServer/]: [Not Secure] <ivii> valep
[04May2025 00:17:07.333] [Server thread/INFO] [net.minecraft.server.MinecraftServer/]: [Not Secure] <Elenitive> te vuelvo a repetir, no es lógico lo que has hecho, y sino lo piensas y verás que si yo no tengo la culpa, no os tendríais que haber pirado
[04May2025 00:17:22.982] [Server thread/INFO] [net.minecraft.server.MinecraftServer/]: [Not Secure] <Elenitive> porque si yo no tengo la culpa no sé porque encima pago yo
[04May2025 00:17:25.819] [Server thread/WARN] [tombstone/]: The death event of the player aaleexx17 was canceled by another mod
[04May2025 00:17:25.837] [Server thread/INFO] [tombstone/]: The player aaleexx17 has successfully been saved
[04May2025 00:17:48.677] [Server thread/INFO] [net.minecraft.server.MinecraftServer/]: [Not Secure] <ivii> bueno pues te pido perdon a ti
[04May2025 00:17:54.989] [Server thread/INFO] [net.minecraft.server.MinecraftServer/]: [Not Secure] <Elenitive> q más da ya
[04May2025 00:18:01.678] [Server thread/INFO] [net.minecraft.server.MinecraftServer/]: [Not Secure] <Elenitive> si ya lo has hecho
[04May2025 00:18:09.027] [Server thread/INFO] [net.minecraft.server.MinecraftServer/]: [Not Secure] <ivii> pero es que no es normal elena
[04May2025 00:18:14.534] [Server thread/INFO] [net.minecraft.server.MinecraftServer/]: [Not Secure] <Elenitive> a mi que me cuentas?
[04May2025 00:18:15.982] [Server thread/INFO] [net.minecraft.server.MinecraftServer/]: [Not Secure] <Elenitive> es él
[04May2025 00:18:17.131] [Server thread/INFO] [net.minecraft.server.MinecraftServer/]: [Not Secure] <Elenitive> NO YO
[04May2025 00:18:20.874] [Server thread/INFO] [net.minecraft.server.MinecraftServer/]: [Not Secure] <Elenitive> no es mi culpa
[04May2025 00:18:33.082] [Server thread/INFO] [net.minecraft.server.MinecraftServer/]: [Not Secure] <Elenitive> a mi tmb me ha ignorado esta tarde
[04May2025 00:18:38.479] [Server thread/INFO] [net.minecraft.server.MinecraftServer/]: [Not Secure] <Elenitive> si el chaval es así q vas a hacer
[04May2025 00:18:45.944] [Server thread/INFO] [net.minecraft.server.MinecraftServer/]: [Not Secure] <6BlueBird9> a mi siempre...
[04May2025 00:18:48.951] [Server thread/INFO] [net.minecraft.server.MinecraftServer/]: [Not Secure] <6BlueBird9> :(
[04May2025 00:18:51.979] [Server thread/INFO] [net.minecraft.server.MinecraftServer/]: [Not Secure] <aaleexx17> bueno no me entero cuando alguien me habla y estoy haciendo algo
[04May2025 00:19:19.182] [Server thread/INFO] [net.minecraft.server.MinecraftServer/]: [Not Secure] <ivii> avisame la siguiente vez y te mando un cuervo
[04May2025 00:22:03.483] [Server thread/INFO] [net.minecraft.server.MinecraftServer/]: Elenitive has made the advancement [The Song of the Dragons]
[04May2025 00:26:02.222] [Server thread/WARN] [tombstone/]: The death event of the player ivii was canceled by another mod
[04May2025 00:26:02.297] [Server thread/INFO] [tombstone/]: The player ivii has successfully been saved
[04May2025 00:26:33.435] [Server thread/INFO] [net.minecraft.server.MinecraftServer/]: [Not Secure] <aaleexx17> bueno y encima me vacilas xddd
[04May2025 00:28:12.598] [Server thread/INFO] [net.minecraft.server.MinecraftServer/]: Made Elenitive a server operator
[04May2025 00:28:20.977] [Server thread/INFO] [net.minecraft.server.MinecraftServer/]: [Elenitive: Set own game mode to Creative Mode]
[04May2025 00:28:33.573] [Server thread/INFO] [net.minecraft.server.MinecraftServer/]: [Elenitive: Set own game mode to Survival Mode]
[04May2025 00:29:32.622] [Server thread/INFO] [net.minecraft.server.MinecraftServer/]: [Elenitive: Set own game mode to Creative Mode]
[04May2025 00:33:00.744] [Server thread/INFO] [net.minecraft.server.MinecraftServer/]: [Elenitive: Set own game mode to Survival Mode]
[04May2025 00:33:46.977] [Server thread/INFO] [net.minecraft.server.MinecraftServer/]: [Not Secure] <6BlueBird9> mae asi sois?
[04May2025 00:33:52.380] [Server thread/INFO] [net.minecraft.server.MinecraftServer/]: [Not Secure] <Elenitive> ? XD
[04May2025 00:34:26.494] [Server thread/INFO] [net.minecraft.server.MinecraftServer/]: [Not Secure] <6BlueBird9> hombre no me aceptais el tp estando muerto...
[04May2025 00:34:31.982] [Server thread/INFO] [net.minecraft.server.MinecraftServer/]: [Not Secure] <6BlueBird9> yo que se...
[04May2025 00:34:35.441] [Server thread/INFO] [net.minecraft.server.MinecraftServer/]: [Not Secure] <Elenitive> ???????????????????????????
[04May2025 00:34:39.133] [Server thread/INFO] [net.minecraft.server.MinecraftServer/]: [Not Secure] <Elenitive> pero qué cojones dices
[04May2025 00:34:48.843] [Server thread/INFO] [net.minecraft.server.MinecraftServer/]: [Not Secure] <Elenitive> si estáis los dos
[04May2025 00:34:56.165] [Server thread/INFO] [net.minecraft.server.MinecraftServer/]: [Not Secure] <Elenitive> y os habéis pirado a otro servidor
[04May2025 00:35:00.742] [Server thread/INFO] [net.minecraft.server.MinecraftServer/]: [Not Secure] <Elenitive> no me mareéis eh
[04May2025 00:35:03.545] [Server thread/INFO] [net.minecraft.server.MinecraftServer/]: [Not Secure] <aaleexx17> adivino no soy ns q estas muerto
[04May2025 00:35:10.566] [Server thread/INFO] [net.minecraft.server.MinecraftServer/]: [Not Secure] <6BlueBird9> porque me lo acaba de aceptar el que no estaba...
[04May2025 00:35:19.627] [Server thread/INFO] [net.minecraft.server.MinecraftServer/]: [Not Secure] <Elenitive> yo no soy adivina tampoco
[04May2025 00:35:23.323] [Server thread/INFO] [net.minecraft.server.MinecraftServer/]: [Not Secure] <6BlueBird9> si os pido tp... 2 veces a cada yo que se xDDD
[04May2025 00:35:42.920] [Server thread/INFO] [net.minecraft.server.MinecraftServer/]: [Not Secure] <Elenitive> sí, y yo soy adivina
[04May2025 00:35:50.416] [Server thread/INFO] [net.minecraft.server.MinecraftServer/]: [Not Secure] <Elenitive> os piráis de llamada riendoos
[04May2025 00:35:53.241] [Server thread/INFO] [net.minecraft.server.MinecraftServer/]: [Not Secure] <Elenitive> como si tuviese la culpa
[04May2025 00:36:04.270] [Server thread/INFO] [net.minecraft.server.MinecraftServer/]: [Not Secure] <Elenitive> y encima tengo q ser adivina
[04May2025 00:36:05.693] [Server thread/INFO] [net.minecraft.server.MinecraftServer/]: [Not Secure] <Elenitive> anda ya
[04May2025 00:36:06.295] [Server thread/INFO] [net.minecraft.server.MinecraftServer/]: [Not Secure] <6BlueBird9> tu no tienes culpa de nada mi amor
[04May2025 00:36:11.517] [Server thread/INFO] [net.minecraft.server.MinecraftServer/]: [Not Secure] <Elenitive> no me vaciles a mi
[04May2025 00:36:11.996] [Server thread/INFO] [net.minecraft.server.MinecraftServer/]: [Not Secure] <aaleexx17> 1 vez me ha llegado
[04May2025 00:36:16.637] [Server thread/INFO] [net.minecraft.server.MinecraftServer/]: [Not Secure] <6BlueBird9> no lo hagoooo
[04May2025 00:36:17.918] [Server thread/INFO] [net.minecraft.server.MinecraftServer/]: [Not Secure] <Elenitive> porque a mi sí que no me vas a vacilar
[04May2025 00:36:24.694] [Server thread/INFO] [net.minecraft.server.MinecraftServer/]: [Not Secure] <6BlueBird9> lo digo en serio
[04May2025 00:36:28.818] [Server thread/INFO] [net.minecraft.server.MinecraftServer/]: [Not Secure] <Elenitive> a alex, todo lo que te salga de los cojones, porque es mayorcito para defenderse
[04May2025 00:36:31.192] [Server thread/INFO] [net.minecraft.server.MinecraftServer/]: [Not Secure] <Elenitive> pero a mi ni agua
[04May2025 00:36:35.987] [Server thread/INFO] [net.minecraft.server.MinecraftServer/]: [Not Secure] <6BlueBird9> yo me he ido porque mi primo no se quedara solo
[04May2025 00:36:45.620] [Server thread/INFO] [net.minecraft.server.MinecraftServer/]: [Elenitive: Made Elenitive no longer a server operator]
[04May2025 00:36:54.579] [Server thread/INFO] [net.minecraft.server.MinecraftServer/]: [Not Secure] <6BlueBird9> cheeeee relaja que no te estoy vacilando
[04May2025 00:37:04.795] [Server thread/INFO] [net.minecraft.server.MinecraftServer/]: [Not Secure] <6BlueBird9> estoy hablando demasiado bien creo yo
[04May2025 00:37:18.918] [Server thread/INFO] [net.minecraft.server.MinecraftServer/]: [Not Secure] <6BlueBird9> valep
[04May2025 00:38:18.424] [Server thread/INFO] [net.minecraft.server.MinecraftServer/]: [Not Secure] <6BlueBird9> como se habla por aqui?
[04May2025 00:38:22.177] [Server thread/INFO] [net.minecraft.server.MinecraftServer/]: [Not Secure] <6BlueBird9> audio
[04May2025 00:38:39.545] [Server thread/INFO] [net.minecraft.server.MinecraftServer/]: [Not Secure] <Elenitive> no haberte ido de llamada
[04May2025 00:39:19.364] [Server thread/INFO] [net.minecraft.server.MinecraftServer/]: [Not Secure] <6BlueBird9> bueno pues nada...
[04May2025 00:39:22.412] [Server thread/INFO] [net.minecraft.server.MinecraftServer/]: [Not Secure] <6BlueBird9> :(
[04May2025 00:39:31.413] [Server thread/INFO] [net.minecraft.server.MinecraftServer/]: [Not Secure] <6BlueBird9> ahora pago yo sin tener culpa
[04May2025 00:39:36.621] [Server thread/INFO] [net.minecraft.server.MinecraftServer/]: [Not Secure] <Elenitive> qué pena
[04May2025 00:39:40.494] [Server thread/INFO] [net.minecraft.server.MinecraftServer/]: [Not Secure] <6BlueBird9> siempre igual tio
[04May2025 00:39:42.768] [Server thread/INFO] [net.minecraft.server.MinecraftServer/]: [Not Secure] <aaleexx17> igual q elena
[04May2025 00:40:21.177] [Server thread/INFO] [net.minecraft.server.MinecraftServer/]: [Not Secure] <6BlueBird9> la verdad es que si
[04May2025 00:40:34.677] [Server thread/INFO] [net.minecraft.server.MinecraftServer/]: [Not Secure] <Elenitive> ves?
[04May2025 00:40:36.090] [Server thread/INFO] [net.minecraft.server.MinecraftServer/]: [Not Secure] <6BlueBird9> es decir, todos pagamos por tu simpatia xDDD
[04May2025 00:40:55.314] [Server thread/INFO] [net.minecraft.server.MinecraftServer/]: [Not Secure] <Elenitive> la habéis pagado conmigo yendoos vosotros de llamada
[04May2025 00:41:23.116] [Server thread/INFO] [net.minecraft.server.MinecraftServer/]: [Not Secure] <6BlueBird9> pero es normal Elena...
[04May2025 00:41:29.666] [Server thread/INFO] [net.minecraft.server.MinecraftServer/]: [Not Secure] <6BlueBird9> osea no que se pague nada con nadie
[04May2025 00:41:34.912] [Server thread/INFO] [net.minecraft.server.MinecraftServer/]: [Not Secure] <Elenitive> normal no es, te lo aseguro
[04May2025 00:41:37.042] [Server thread/INFO] [net.minecraft.server.MinecraftServer/]: [Not Secure] <6BlueBird9> sino que llega un momento en el que incomoda todo
[04May2025 00:41:45.292] [Server thread/INFO] [net.minecraft.server.MinecraftServer/]: [Not Secure] <Elenitive> yendose de llamada cuando estoy yo, si no te contesta una persona, te contestará otra
[04May2025 00:41:57.122] [Server thread/INFO] [net.minecraft.server.MinecraftServer/]: [Not Secure] <Elenitive> entiendo no preguntes a alguien que te ignora, no crees?
[04May2025 00:42:03.067] [Server thread/INFO] [net.minecraft.server.MinecraftServer/]: [Not Secure] <Elenitive> cuando ya lo ha hecho 50 veces y no se entera
[04May2025 00:42:08.964] [Server thread/INFO] [net.minecraft.server.MinecraftServer/]: [Not Secure] <Elenitive> q culpa tengo yo si a mi no me lo pregunta?
[04May2025 00:42:11.791] [Server thread/INFO] [net.minecraft.server.MinecraftServer/]: [Not Secure] <Elenitive> habla tú con él
[04May2025 00:42:14.066] [Server thread/INFO] [net.minecraft.server.MinecraftServer/]: [Not Secure] <Elenitive> a mi que me cuentas
[04May2025 00:42:21.440] [Server thread/INFO] [net.minecraft.server.MinecraftServer/]: [Not Secure] <Elenitive> lo hablas tú con alex y punto
[04May2025 00:42:35.768] [Server thread/INFO] [net.minecraft.server.MinecraftServer/]: [Not Secure] <6BlueBird9> na si en vrd no hay na que hablar
[04May2025 00:42:42.114] [Server thread/INFO] [net.minecraft.server.MinecraftServer/]: [Not Secure] <6BlueBird9> es mejor pasar
[04May2025 00:43:00.133] [Server thread/INFO] [net.minecraft.server.MinecraftServer/]: [Not Secure] <Elenitive> ps yasta
[04May2025 00:43:07.068] [Server thread/INFO] [net.minecraft.server.MinecraftServer/]: [Not Secure] <ivii> elena te vuelvo a repetir que contigo no hay ningun problema
[04May2025 00:43:18.034] [Server thread/INFO] [net.minecraft.server.MinecraftServer/]: [Not Secure] <Elenitive> pasar = irte de llamada como si la otra persona tuviese la culpa
[04May2025 00:43:21.671] [Server thread/INFO] [net.minecraft.server.MinecraftServer/]: [Not Secure] <ivii> que se te ha molestado te pido perdon a ti
[04May2025 00:43:27.316] [Server thread/INFO] [net.minecraft.server.MinecraftServer/]: [Not Secure] <Elenitive> si no tuvieses problema, no te habrías ido y me hubieses preguntado a mi
[04May2025 00:43:34.766] [Server thread/INFO] [net.minecraft.server.MinecraftServer/]: [Not Secure] <Elenitive> o le hubieses dicho a Alex que por qué te ignora
[04May2025 00:43:44.370] [Server thread/INFO] [net.minecraft.server.MinecraftServer/]: [Not Secure] <ivii> pero tambien tienes que ponerte en el lado de los demas
[04May2025 00:43:57.019] [Server thread/INFO] [net.minecraft.server.MinecraftServer/]: [Not Secure] <ivii> pero si se lo has dicho hacia 1 hora..
[04May2025 00:43:57.339] [Server thread/INFO] [net.minecraft.server.MinecraftServer/]: [Not Secure] <Elenitive> no me puedo poner de tu lado cuando hay OTRA PERSONA QUE TE RESPONDE
[04May2025 00:44:04.716] [Server thread/INFO] [net.minecraft.server.MinecraftServer/]: [Not Secure] <Elenitive> tú que has hecho? pirarte
[04May2025 00:44:07.188] [Server thread/INFO] [net.minecraft.server.MinecraftServer/]: [Not Secure] <Elenitive> sin preguntarme
[04May2025 00:44:11.068] [Server thread/INFO] [net.minecraft.server.MinecraftServer/]: [Not Secure] <Elenitive> no puedo posicionarme
[04May2025 00:44:12.118] [Server thread/INFO] [net.minecraft.server.MinecraftServer/]: [Not Secure] <ivii> si no es ni la 1 ni la 2
[04May2025 00:44:16.515] [Server thread/INFO] [net.minecraft.server.MinecraftServer/]: [Not Secure] <Elenitive> cuando hay UNA PERSONA MÁS
[04May2025 00:44:25.511] [Server thread/INFO] [net.minecraft.server.MinecraftServer/]: [Not Secure] <6BlueBird9> elena
[04May2025 00:44:27.569] [Server thread/INFO] [net.minecraft.server.MinecraftServer/]: [Not Secure] <6BlueBird9> mira
[04May2025 00:44:27.663] [Server thread/INFO] [net.minecraft.server.MinecraftServer/]: [Not Secure] <Elenitive> si estuvieseis a solas con él, entendible
[04May2025 00:44:36.564] [Server thread/INFO] [net.minecraft.server.MinecraftServer/]: [Not Secure] <aaleexx17> y aunq sean 3 o 4 si estoy focus en algo NO me entero
[04May2025 00:44:47.667] [Server thread/INFO] [net.minecraft.server.MinecraftServer/]: [Not Secure] <6BlueBird9> me perdonas?
[04May2025 00:44:54.985] [Server thread/INFO] [net.minecraft.server.MinecraftServer/]: [Not Secure] <ivii> no quiero que te posiciones en ningun sitio
[04May2025 00:45:03.017] [Server thread/INFO] [net.minecraft.server.MinecraftServer/]: [Not Secure] <6BlueBird9> las he cogido sin guantes y con espinas...
[04May2025 00:45:06.519] [Server thread/INFO] [net.minecraft.server.MinecraftServer/]: [Not Secure] <ivii> solo que si me molesta algo me voy a ir
[04May2025 00:45:07.515] [Server thread/INFO] [net.minecraft.server.MinecraftServer/]: [Not Secure] <Elenitive> Ivan, si una persona te ignora 40 veces, para que sigues preguntandole? XDDD
[04May2025 00:45:14.115] [Server thread/INFO] [net.minecraft.server.MinecraftServer/]: [Not Secure] <Elenitive> ah, entonces yo no existo
[04May2025 00:45:15.465] [Server thread/INFO] [net.minecraft.server.MinecraftServer/]: [Not Secure] <Elenitive> vale vale
[04May2025 00:45:17.336] [Server thread/INFO] [net.minecraft.server.MinecraftServer/]: [Not Secure] <ivii> no le he dicho nada ni a mi primo
[04May2025 00:45:19.390] [Server thread/INFO] [net.minecraft.server.MinecraftServer/]: [Not Secure] <Elenitive> tranqui Ivan
[04May2025 00:45:22.983] [Server thread/INFO] [net.minecraft.server.MinecraftServer/]: [Not Secure] <Elenitive> ya lo has dejado todo claro
[04May2025 00:45:24.562] [Server thread/INFO] [net.minecraft.server.network.ServerGamePacketListenerImpl/]: Elenitive lost connection: Disconnected
[04May2025 00:45:24.563] [Server thread/INFO] [net.minecraft.server.MinecraftServer/]: Elenitive left the game
[04May2025 00:46:55.669] [Server thread/INFO] [net.minecraft.server.network.ServerGamePacketListenerImpl/]: ivii lost connection: Disconnected
[04May2025 00:46:55.670] [Server thread/INFO] [net.minecraft.server.MinecraftServer/]: ivii left the game
